#auto generated file!
42;7;4;0;13.744463518463844;13.71353228340811;0.03093123505572943;16.525252525252526;0.0;3;0
42;7;4;0;13.744463518463844;13.71353228340811;0.03093123505572943
0;0;0;0;0.0;0.0;0.0
#auto generated file!
56;3;1;0;12.03002396639908;11.99861505828503;0.03140890811405062;14.037878787878787;0.0;2;0
56;3;1;0;12.03002396639908;11.99861505828503;0.03140890811405062
0;0;0;0;0.0;0.0;0.0
#auto generated file!
28;0;0;0;12.037672615244395;12.005536807062006;0.032135808182390514;17.48989898989899;0.0;0;0
28;0;0;0;12.037672615244395;12.005536807062006;0.032135808182390514
0;0;0;0;0.0;0.0;0.0
#auto generated file!
30;7;0;0;12.050450606039776;12.019173727491461;0.03127687854831535;18.47222222222222;0.0;7;0
30;7;0;0;12.050450606039776;12.019173727491461;0.03127687854831535
0;0;0;0;0.0;0.0;0.0
#auto generated file!
31;2;0;0;12.032109780051815;12.000736835803522;0.03137294424828969;15.563131313131313;0.0;2;0
31;2;0;0;12.032109780051815;12.000736835803522;0.03137294424828969
0;0;0;0;0.0;0.0;0.0
