#auto generated file!
20;0;0;0;2.1161412648548703;2.085888436822615;0.030252828032255742;22.232323232323232;0.0;0;0
20;0;0;0;2.1161412648548703;2.085888436822615;0.030252828032255742
0;0;0;0;0.0;0.0;0.0
#auto generated file!
26;0;0;0;2.119597643281194;2.08689695782583;0.03270068545536378;25.005050505050505;0.0;0;0
26;0;0;0;2.119597643281194;2.08689695782583;0.03270068545536378
0;0;0;0;0.0;0.0;0.0
#auto generated file!
64;0;0;0;1.966197092240212;1.9344302749803586;0.031766817259852705;22.48989898989899;0.0;0;0
64;0;0;0;1.966197092240212;1.9344302749803586;0.031766817259852705
0;0;0;0;0.0;0.0;0.0
#auto generated file!
64;0;0;0;2.0620007087479038;2.0294449153205574;0.032555793427346005;22.07323232323232;0.0;0;0
64;0;0;0;2.0620007087479038;2.0294449153205574;0.032555793427346005
0;0;0;0;0.0;0.0;0.0
#auto generated file!
59;0;0;0;2.0182907468155995;1.986411267625652;0.031879479189947824;21.22222222222222;0.0;0;0
59;0;0;0;2.0182907468155995;1.986411267625652;0.031879479189947824
0;0;0;0;0.0;0.0;0.0
