#auto generated file!
47;1;0;0;1.739951989686519;1.7078255270660598;0.032126462620459574;16.525252525252526;0.0;1;0
47;1;0;0;1.739951989686519;1.7078255270660598;0.032126462620459574
0;0;0;0;0.0;0.0;0.0
#auto generated file!
58;0;0;0;1.6327541836367503;1.6017387822866413;0.03101540135010907;14.037878787878787;0.0;0;0
58;0;0;0;1.6327541836367503;1.6017387822866413;0.03101540135010907
0;0;0;0;0.0;0.0;0.0
#auto generated file!
43;1;0;0;1.637002290888133;1.6059914264997464;0.03101086438838638;17.48989898989899;0.0;1;0
43;1;0;0;1.637002290888133;1.6059914264997464;0.03101086438838638
0;0;0;0;0.0;0.0;0.0
#auto generated file!
44;0;0;0;1.6324220851271283;1.5995211456760308;0.032900939451097594;18.47222222222222;0.0;0;0
44;0;0;0;1.6324220851271283;1.5995211456760308;0.032900939451097594
0;0;0;0;0.0;0.0;0.0
#auto generated file!
77;0;0;0;1.6352683044070901;1.6041416669135116;0.0311266374935783;15.563131313131313;0.0;0;0
77;0;0;0;1.6352683044070901;1.6041416669135116;0.0311266374935783
0;0;0;0;0.0;0.0;0.0
