#auto generated file!
33;0;0;0;17.34597061295833;17.31385449141997;0.03211612153835645;22.845959595959595;0.0;0;0
33;0;0;0;17.34597061295833;17.31385449141997;0.03211612153835645
0;0;0;0;0.0;0.0;0.0
#auto generated file!
26;4;4;0;17.645334483667156;17.61298257544982;0.03235190821733894;20.603535353535353;0.0;0;0
26;4;4;0;17.645334483667156;17.61298257544982;0.03235190821733894
0;0;0;0;0.0;0.0;0.0
#auto generated file!
27;0;0;0;15.963328137201746;15.930196332722597;0.03313180447914797;20.022727272727273;0.0;0;0
27;0;0;0;15.963328137201746;15.930196332722597;0.03313180447914797
0;0;0;0;0.0;0.0;0.0
#auto generated file!
34;3;3;0;16.377917970588534;16.345695191336446;0.03222277925208794;25.633838383838384;0.0;0;0
34;3;3;0;16.377917970588534;16.345695191336446;0.03222277925208794
0;0;0;0;0.0;0.0;0.0
#auto generated file!
48;1;1;0;16.38995656664418;16.358623788208977;0.031332778435198154;20.747474747474747;0.0;0;0
48;1;1;0;16.38995656664418;16.358623788208977;0.031332778435198154
0;0;0;0;0.0;0.0;0.0
