#auto generated file!
1061;25;25;0;9.510837926998244;9.479052649030182;0.03178527796806607;22.845959595959595;0.0;0;0
1061;25;25;0;9.510837926998244;9.479052649030182;0.03178527796806607
0;0;0;0;0.0;0.0;0.0
#auto generated file!
1049;20;20;0;8.671907471582085;8.640050217649588;0.03185725393249705;20.603535353535353;0.0;0;0
1049;20;20;0;8.671907471582085;8.640050217649588;0.03185725393249705
0;0;0;0;0.0;0.0;0.0
#auto generated file!
976;20;20;0;9.021134207961701;8.989566373920985;0.0315678340407077;20.022727272727273;0.0;0;0
976;20;20;0;9.021134207961701;8.989566373920985;0.0315678340407077
0;0;0;0;0.0;0.0;0.0
#auto generated file!
1146;26;26;0;9.712433057987672;9.680774568718745;0.03165848926892117;25.633838383838384;0.0;0;0
1146;26;26;0;9.712433057987672;9.680774568718745;0.03165848926892117
0;0;0;0;0.0;0.0;0.0
#auto generated file!
1004;20;20;0;9.06410808904882;9.03224629826684;0.03186179078197522;20.747474747474747;0.0;0;0
1004;20;20;0;9.06410808904882;9.03224629826684;0.03186179078197522
0;0;0;0;0.0;0.0;0.0
