#auto generated file!
761;24;24;0;11.15952958575231;11.127693995703057;0.031835590049261384;22.845959595959595;0.0;0;0
761;24;24;0;11.15952958575231;11.127693995703057;0.031835590049261384
0;0;0;0;0.0;0.0;0.0
#auto generated file!
629;16;16;0;11.316455936040846;11.284518547179708;0.031937388861140316;20.603535353535353;0.0;0;0
629;16;16;0;11.316455936040846;11.284518547179708;0.031937388861140316
0;0;0;0;0.0;0.0;0.0
#auto generated file!
630;19;19;0;11.30744127777097;11.27595582174111;0.03148545602984664;20.022727272727273;0.0;0;0
630;19;19;0;11.30744127777097;11.27595582174111;0.03148545602984664
0;0;0;0;0.0;0.0;0.0
#auto generated file!
836;21;21;0;11.326155652073409;11.294490725388954;0.03166492668444639;25.633838383838384;0.0;0;0
836;21;21;0;11.326155652073409;11.294490725388954;0.03166492668444639
0;0;0;0;0.0;0.0;0.0
#auto generated file!
634;19;19;0;11.158387486561814;11.126478573871339;0.03190891269046538;20.747474747474747;0.0;0;0
634;19;19;0;11.158387486561814;11.126478573871339;0.03190891269046538
0;0;0;0;0.0;0.0;0.0
