#auto generated file!
629;26;9;0;8.682911895222322;8.651353667411602;0.03155822781070864;16.525252525252526;0.0;17;0
629;26;9;0;8.682911895222322;8.651353667411602;0.03155822781070864
0;0;0;0;0.0;0.0;0.0
#auto generated file!
598;30;18;0;8.035001341084781;8.003235563428198;0.03176577765657344;14.037878787878787;0.0;12;0
598;30;18;0;8.035001341084781;8.003235563428198;0.03176577765657344
0;0;0;0;0.0;0.0;0.0
#auto generated file!
833;49;17;0;8.036934567358642;8.005269582289252;0.031664985069390056;17.48989898989899;0.0;32;0
833;49;17;0;8.036934567358642;8.005269582289252;0.031664985069390056
0;0;0;0;0.0;0.0;0.0
#auto generated file!
888;107;13;0;8.038640705840777;8.006597506492433;0.032043199348345625;18.47222222222222;0.0;94;0
888;107;13;0;8.038640705840777;8.006597506492433;0.032043199348345625
0;0;0;0;0.0;0.0;0.0
#auto generated file!
698;28;18;0;8.0360950536764;8.00427302512413;0.031822028552259185;15.563131313131313;0.0;10;0
698;28;18;0;8.0360950536764;8.00427302512413;0.031822028552259185
0;0;0;0;0.0;0.0;0.0
