#auto generated file!
826;29;29;0;9.792070728721898;9.760150003058335;0.03192072566357575;22.232323232323232;0.0;0;0
826;29;29;0;9.792070728721898;9.760150003058335;0.03192072566357575
0;0;0;0;0.0;0.0;0.0
#auto generated file!
946;20;20;0;9.870842779407223;9.839280008084657;0.03156277132254446;25.005050505050505;0.0;0;0
946;20;20;0;9.870842779407223;9.839280008084657;0.03156277132254446
0;0;0;0;0.0;0.0;0.0
#auto generated file!
827;14;14;0;9.893467266051712;9.861533788224149;0.03193347782755775;22.48989898989899;0.0;0;0
827;14;14;0;9.893467266051712;9.861533788224149;0.03193347782755775
0;0;0;0;0.0;0.0;0.0
#auto generated file!
802;20;20;0;9.966490651251213;9.934761169176271;0.031729482074947725;22.07323232323232;0.0;0;0
802;20;20;0;9.966490651251213;9.934761169176271;0.031729482074947725
0;0;0;0;0.0;0.0;0.0
#auto generated file!
789;23;23;0;9.768078127674618;9.736184365262293;0.031893762412314064;21.22222222222222;0.0;0;0
789;23;23;0;9.768078127674618;9.736184365262293;0.031893762412314064
0;0;0;0;0.0;0.0;0.0
