#auto generated file!
952;34;13;0;7.253796340206266;7.222130048253946;0.031666291952312804;16.525252525252526;0.0;21;0
952;34;13;0;7.253796340206266;7.222130048253946;0.031666291952312804
0;0;0;0;0.0;0.0;0.0
#auto generated file!
955;33;19;0;6.608404168836843;6.576729554002231;0.0316746148346065;14.037878787878787;0.0;14;0
955;33;19;0;6.608404168836843;6.576729554002231;0.0316746148346065
0;0;0;0;0.0;0.0;0.0
#auto generated file!
1188;51;17;0;6.704942987887593;6.673297830111024;0.03164515777656739;17.48989898989899;0.0;34;0
1188;51;17;0;6.704942987887593;6.673297830111024;0.03164515777656739
0;0;0;0;0.0;0.0;0.0
#auto generated file!
1176;120;14;0;6.991254425883745;6.959245332855393;0.032009093028352684;18.47222222222222;0.0;106;0
1176;120;14;0;6.991254425883745;6.959245332855393;0.032009093028352684
0;0;0;0;0.0;0.0;0.0
#auto generated file!
1043;30;18;0;6.545797797458862;6.513899638864883;0.031898158593970084;15.563131313131313;0.0;12;0
1043;30;18;0;6.545797797458862;6.513899638864883;0.031898158593970084
0;0;0;0;0.0;0.0;0.0
