#auto generated file!
42;1;1;0;14.414341118913436;14.381995446514244;0.03234567239919322;22.232323232323232;0.0;0;0
42;1;1;0;14.414341118913436;14.381995446514244;0.03234567239919322
0;0;0;0;0.0;0.0;0.0
#auto generated file!
37;3;3;0;14.343725627039527;14.312716233421893;0.031009393617632653;25.005050505050505;0.0;0;0
37;3;3;0;14.343725627039527;14.312716233421893;0.031009393617632653
0;0;0;0;0.0;0.0;0.0
#auto generated file!
37;1;1;0;14.470519046657799;14.439219730272397;0.03129931638540296;22.48989898989899;0.0;0;0
37;1;1;0;14.470519046657799;14.439219730272397;0.03129931638540296
0;0;0;0;0.0;0.0;0.0
#auto generated file!
54;3;3;0;14.130725589885522;14.098297060526919;0.03242852935860158;22.07323232323232;0.0;0;0
54;3;3;0;14.130725589885522;14.098297060526919;0.03242852935860158
0;0;0;0;0.0;0.0;0.0
#auto generated file!
44;1;1;0;15.39091121170619;15.359359711172242;0.03155150053394331;21.22222222222222;0.0;0;0
44;1;1;0;15.39091121170619;15.359359711172242;0.03155150053394331
0;0;0;0;0.0;0.0;0.0
