#auto generated file!
1149;30;30;0;8.461410385921612;8.42956384601892;0.03184653990269895;22.232323232323232;0.0;0;0
1149;30;30;0;8.461410385921612;8.42956384601892;0.03184653990269895
0;0;0;0;0.0;0.0;0.0
#auto generated file!
1186;24;24;0;8.938258805992188;8.906672686744413;0.03158611924775737;25.005050505050505;0.0;0;0
1186;24;24;0;8.938258805992188;8.906672686744413;0.03158611924775737
0;0;0;0;0.0;0.0;0.0
#auto generated file!
1097;16;16;0;8.645903624314988;8.613941989409081;0.031961634905902696;22.48989898989899;0.0;0;0
1097;16;16;0;8.645903624314988;8.613941989409081;0.031961634905902696
0;0;0;0;0.0;0.0;0.0
#auto generated file!
1066;23;23;0;8.84568178248531;8.81388638958248;0.03179539290283298;22.07323232323232;0.0;0;0
1066;23;23;0;8.84568178248531;8.81388638958248;0.03179539290283298
0;0;0;0;0.0;0.0;0.0
#auto generated file!
1075;24;24;0;8.53562768258181;8.503830214624543;0.03179746795725811;21.22222222222222;0.0;0;0
1075;24;24;0;8.53562768258181;8.503830214624543;0.03179746795725811
0;0;0;0;0.0;0.0;0.0
