#auto generated file!
234;0;0;0;3.354774882439222;3.3227786045325356;0.03199627790668298;16.525252525252526;0.0;0;0
234;0;0;0;3.354774882439222;3.3227786045325356;0.03199627790668298
0;0;0;0;0.0;0.0;0.0
#auto generated file!
243;0;0;0;3.0358604711983803;3.0041916234793473;0.031668847719033444;14.037878787878787;0.0;0;0
243;0;0;0;3.0358604711983803;3.0041916234793473;0.031668847719033444
0;0;0;0;0.0;0.0;0.0
#auto generated file!
284;1;0;0;3.039647335442529;3.0080126696750864;0.03163466576743869;17.48989898989899;0.0;1;0
284;1;0;0;3.039647335442529;3.0080126696750864;0.03163466576743869
0;0;0;0;0.0;0.0;0.0
#auto generated file!
214;6;1;0;3.0376736828312465;3.0058868384961297;0.031786844335112543;18.47222222222222;0.0;5;0
214;6;1;0;3.0376736828312465;3.0058868384961297;0.031786844335112543
0;0;0;0;0.0;0.0;0.0
#auto generated file!
237;0;0;0;3.0344375217827557;3.001995787076714;0.03244173470603957;15.563131313131313;0.0;0;0
237;0;0;0;3.0344375217827557;3.001995787076714;0.03244173470603957
0;0;0;0;0.0;0.0;0.0
