#auto generated file!
50;1;1;0;2.317066213729258;2.2846097007023825;0.032456513026875605;22.845959595959595;0.0;0;0
50;1;1;0;2.317066213729258;2.2846097007023825;0.032456513026875605
0;0;0;0;0.0;0.0;0.0
#auto generated file!
73;0;0;0;2.3057916943402246;2.274125266995173;0.03166642734505251;20.603535353535353;0.0;0;0
73;0;0;0;2.3057916943402246;2.274125266995173;0.03166642734505251
0;0;0;0;0.0;0.0;0.0
#auto generated file!
51;0;0;0;2.424873941885088;2.3931551402934126;0.0317188015916761;20.022727272727273;0.0;0;0
51;0;0;0;2.424873941885088;2.3931551402934126;0.0317188015916761
0;0;0;0;0.0;0.0;0.0
#auto generated file!
38;1;1;0;2.4569384064779074;2.4266332193339273;0.03030518714398052;25.633838383838384;0.0;0;0
38;1;1;0;2.4569384064779074;2.4266332193339273;0.03030518714398052
0;0;0;0;0.0;0.0;0.0
#auto generated file!
60;0;0;0;2.2403478241150796;2.209922540689951;0.030425283425129228;20.747474747474747;0.0;0;0
60;0;0;0;2.2403478241150796;2.209922540689951;0.030425283425129228
0;0;0;0;0.0;0.0;0.0
