#auto generated file!
261;0;0;0;3.7784864337478217;3.7468328699597886;0.03165356378803179;22.232323232323232;0.0;0;0
261;0;0;0;3.7784864337478217;3.7468328699597886;0.03165356378803179
0;0;0;0;0.0;0.0;0.0
#auto generated file!
177;1;1;0;3.8255948455464854;3.793927103337325;0.03166774220915996;25.005050505050505;0.0;0;0
177;1;1;0;3.8255948455464854;3.793927103337325;0.03166774220915996
0;0;0;0;0.0;0.0;0.0
#auto generated file!
169;1;1;0;3.795343362242973;3.763025159180875;0.0323182030620977;22.48989898989899;0.0;0;0
169;1;1;0;3.795343362242973;3.763025159180875;0.0323182030620977
0;0;0;0;0.0;0.0;0.0
#auto generated file!
146;0;0;0;3.7078359630971467;3.6762460120999023;0.03158995099724141;22.07323232323232;0.0;0;0
146;0;0;0;3.7078359630971467;3.6762460120999023;0.03158995099724141
0;0;0;0;0.0;0.0;0.0
#auto generated file!
183;0;0;0;3.6749009216556234;3.6434859259450416;0.03141499571058056;21.22222222222222;0.0;0;0
183;0;0;0;3.6749009216556234;3.6434859259450416;0.03141499571058056
0;0;0;0;0.0;0.0;0.0
