#auto generated file!
217;0;0;0;4.1950538473435035;4.163649984511611;0.03140386283189238;22.845959595959595;0.0;0;0
217;0;0;0;4.1950538473435035;4.163649984511611;0.03140386283189238
0;0;0;0;0.0;0.0;0.0
#auto generated file!
321;0;0;0;4.210836958435301;4.1791333977758205;0.03170356065947819;20.603535353535353;0.0;0;0
321;0;0;0;4.210836958435301;4.1791333977758205;0.03170356065947819
0;0;0;0;0.0;0.0;0.0
#auto generated file!
268;1;1;0;4.202464743411653;4.170889552654881;0.03157519075677183;20.022727272727273;0.0;0;0
268;1;1;0;4.202464743411653;4.170889552654881;0.03157519075677183
0;0;0;0;0.0;0.0;0.0
#auto generated file!
238;1;1;0;4.250291129724082;4.218519791959606;0.03177133776447151;25.633838383838384;0.0;0;0
238;1;1;0;4.250291129724082;4.218519791959606;0.03177133776447151
0;0;0;0;0.0;0.0;0.0
#auto generated file!
262;0;0;0;4.216824695721374;4.184651043320799;0.032173652400575604;20.747474747474747;0.0;0;0
262;0;0;0;4.216824695721374;4.184651043320799;0.032173652400575604
0;0;0;0;0.0;0.0;0.0
